<?xml version="1.0" encoding="UTF-8"?>
<robot generator="Robot 7.0 (Python 3.12.2 on win32)" generated="2024-03-28T14:02:17.650064" rpa="false" schemaversion="5">
<suite id="s1" name="Preeenchimento Incorreto" source="c:\Users\vitor\Documents\Alura\Robot Framework\curso-robot\testes\preeenchimento_incorreto.robot">
<test id="s1-t1" name="Verificar se quando um campo obrigatório não for preenchido corretamente o sistema exibe uma mensagem de campo obrigatório" line="7">
<kw name="Dado que eu acesse o Organo" owner="setup_teardown" type="SETUP">
<kw name="Open Browser" owner="SeleniumLibrary">
<msg time="2024-03-28T14:02:17.851508" level="INFO">Opening browser 'Chrome' to base url 'http://localhost:3000/'.</msg>
<arg>http://localhost:3000/</arg>
<arg>browser=Chrome</arg>
<doc>Opens a new browser instance to the optional ``url``.</doc>
<status status="PASS" start="2024-03-28T14:02:17.850507" elapsed="2.671249"/>
</kw>
<status status="PASS" start="2024-03-28T14:02:17.848506" elapsed="2.674250"/>
</kw>
<kw name="Dado que eu clique no botão Criar card" owner="cadastro">
<kw name="Click Button" owner="SeleniumLibrary">
<msg time="2024-03-28T14:02:20.525032" level="INFO">Clicking button 'id:form-botao'.</msg>
<arg>${BOTAO_CARD}</arg>
<doc>Clicks the button identified by ``locator``.</doc>
<status status="PASS" start="2024-03-28T14:02:20.524015" elapsed="0.109560"/>
</kw>
<status status="PASS" start="2024-03-28T14:02:20.522756" elapsed="0.110819"/>
</kw>
<kw name="Então o sistema exibe uma mensagem de campo obrigatório" owner="cadastro">
<kw name="Element Should Be Visible" owner="SeleniumLibrary">
<msg time="2024-03-28T14:02:20.667559" level="INFO">Element 'id:form-nome-erro' is displayed.</msg>
<arg>id:form-nome-erro</arg>
<doc>Verifies that the element identified by ``locator`` is visible.</doc>
<status status="PASS" start="2024-03-28T14:02:20.635559" elapsed="0.032999"/>
</kw>
<kw name="Element Should Be Visible" owner="SeleniumLibrary">
<msg time="2024-03-28T14:02:20.702555" level="INFO">Element 'id:form-cargo-erro' is displayed.</msg>
<arg>id:form-cargo-erro</arg>
<doc>Verifies that the element identified by ``locator`` is visible.</doc>
<status status="PASS" start="2024-03-28T14:02:20.668558" elapsed="0.034999"/>
</kw>
<kw name="Element Should Be Visible" owner="SeleniumLibrary">
<msg time="2024-03-28T14:02:20.757557" level="INFO">Element 'id:form-times-erro' is displayed.</msg>
<arg>id:form-times-erro</arg>
<doc>Verifies that the element identified by ``locator`` is visible.</doc>
<status status="PASS" start="2024-03-28T14:02:20.703557" elapsed="0.054000"/>
</kw>
<status status="PASS" start="2024-03-28T14:02:20.634557" elapsed="0.123000"/>
</kw>
<kw name="Fechar o navegador" owner="setup_teardown" type="TEARDOWN">
<kw name="Close Browser" owner="SeleniumLibrary">
<doc>Closes the current browser.</doc>
<status status="PASS" start="2024-03-28T14:02:20.759558" elapsed="2.109890"/>
</kw>
<status status="PASS" start="2024-03-28T14:02:20.758557" elapsed="2.111895"/>
</kw>
<status status="PASS" start="2024-03-28T14:02:17.847497" elapsed="5.025950"/>
</test>
<status status="PASS" start="2024-03-28T14:02:17.655064" elapsed="5.222389"/>
</suite>
<statistics>
<total>
<stat pass="1" fail="0" skip="0">All Tests</stat>
</total>
<tag>
</tag>
<suite>
<stat pass="1" fail="0" skip="0" id="s1" name="Preeenchimento Incorreto">Preeenchimento Incorreto</stat>
</suite>
</statistics>
<errors>
</errors>
</robot>
